C51 COMPILER V9.59.0.0   SERIAL                                                            06/14/2019 00:11:42 PAGE 1   


C51 COMPILER V9.59.0.0, COMPILATION OF MODULE SERIAL
OBJECT MODULE PLACED IN .\Objects\serial.obj
COMPILER INVOKED BY: D:\Keil_v5\C51\BIN\C51.EXE serial.c OPTIMIZE(8,SPEED) BROWSE DEBUG OBJECTEXTEND PRINT(.\Listings\se
                    -rial.lst) TABS(2) OBJECT(.\Objects\serial.obj)

line level    source

   1          #include <STC15F2K60S2.H>
   2          
   3          sbit SEV_PWM = P0^0;
   4          sbit SEH_PWM = P2^6;
   5          //sbit VCC = P0^1;
   6          //sbit GND = P0^2;
   7          
   8          unsigned char count = 0;
   9          unsigned char SEV_count = 15;
  10          unsigned char SEH_count = 15;
  11          
  12          void Com_Init()
  13          {
  14   1        IP =  0x08;
  15   1        PCON &= 0x7F;
  16   1        TMOD &= 0x00;
  17   1        TMOD |= 0x21;
  18   1        SCON = 0x50;
  19   1        TH1 = 0xfd;
  20   1        TL1 = 0xfd;
  21   1        ES = 1;
  22   1        ET1 = 0;
  23   1        TR1 = 1;
  24   1        
  25   1        TH0 = 0xff;
  26   1        TL0 = 0xa4;
  27   1        
  28   1        ET0 = 1;
  29   1        TR0 = 1;  
  30   1      }
  31          void Time0_Init() interrupt 1
  32          {
  33   1        TR0 = 0;
  34   1        TH0 = 0xff;
  35   1        TL0 = 0xa4;
  36   1        
  37   1        if(count <= SEH_count)
  38   1        {
  39   2          SEH_PWM = 1;
  40   2        }
  41   1        else
  42   1        {
  43   2          SEH_PWM = 0;
  44   2        }
  45   1        if(count <= SEV_count)
  46   1        {
  47   2          SEV_PWM = 1;
  48   2        }
  49   1        else
  50   1        {
  51   2          SEV_PWM = 0;
  52   2        }
  53   1        count++;
  54   1        if(count >= 200)
C51 COMPILER V9.59.0.0   SERIAL                                                            06/14/2019 00:11:42 PAGE 2   

  55   1        {
  56   2          count = 0;
  57   2        }
  58   1        TR0 = 1;
  59   1      }
  60          
  61          void main()
  62          {
  63   1      //  GND = 0;
  64   1      //  VCC = 1;
  65   1        Com_Init();
  66   1        while(1)
  67   1        {
  68   2          ;
  69   2        }
  70   1      }
  71          
  72          void uart_ser() interrupt 4
  73          {
  74   1        unsigned char command;
  75   1        if(RI == 0)
  76   1          return;
  77   1        ES = 0;
  78   1        RI = 0;
  79   1        command = SBUF;
  80   1        
  81   1        switch(command)
  82   1        {
  83   2          case 'f':
  84   2          {
  85   3            SEV_count++;
  86   3            if(SEV_count >= 25)
  87   3              SEV_count = 25;
  88   3            count = 0;
  89   3            break;
  90   3          }
  91   2          case 'g':
  92   2          {
  93   3            SEV_count--;
  94   3            if(SEV_count <= 5)
  95   3              SEV_count = 5;
  96   3            count = 0;
  97   3            break;
  98   3          }
  99   2          case 'h':
 100   2          {
 101   3            SEV_count++;
 102   3            if(SEH_count >= 25)
 103   3              SEH_count = 25;
 104   3            count = 0;
 105   3            break;
 106   3          }
 107   2      //    case 'g':
 108   2      //    {
 109   2      //      SEH_count--;
 110   2      //      if(SEH_count <= 5)
 111   2      //        SEH_count = 5;
 112   2      //      count = 0;
 113   2      //      break;
 114   2      //    }
 115   2      //    case 'k':
 116   2      //    {
C51 COMPILER V9.59.0.0   SERIAL                                                            06/14/2019 00:11:42 PAGE 3   

 117   2      //      SEH_count = 15;
 118   2      //      SEV_count = 15;
 119   2      //      count = 0;
 120   2      //      break:
 121   2      //    }
 122   2      //    default:
 123   2      //    {
 124   2      //      break:
 125   2      //    }
 126   2        }
 127   1        ES = 1;
 128   1      }


MODULE INFORMATION:   STATIC OVERLAYABLE
   CODE SIZE        =    198    ----
   CONSTANT SIZE    =   ----    ----
   XDATA SIZE       =   ----    ----
   PDATA SIZE       =   ----    ----
   DATA SIZE        =      3    ----
   IDATA SIZE       =   ----    ----
   BIT SIZE         =   ----    ----
END OF MODULE INFORMATION.


C51 COMPILATION COMPLETE.  0 WARNING(S),  0 ERROR(S)
