C51 COMPILER V9.60.0.0   MAIN                                                              11/25/2021 20:52:26 PAGE 1   


C51 COMPILER V9.60.0.0, COMPILATION OF MODULE MAIN
OBJECT MODULE PLACED IN main.OBJ
COMPILER INVOKED BY: C:\Program Files\Keil_v5\C51\BIN\C51.EXE main.c OPTIMIZE(8,SPEED) BROWSE DEBUG OBJECTEXTEND TABS(2)

line level    source

   1          #include <STC15F2K60S2.H>
   2          #include <intrins.h>
   3          
   4          #define uchar unsigned char
   5          #define uint  unsigned int
   6            
   7          //定义Max7219端口
   8          sbit Max7219_pinCLK = P2^2;
   9          sbit Max7219_pinCS  = P2^1;
  10          sbit Max7219_pinDIN = P2^0;
  11          
  12          uchar code disp1[38][8]={
  13          {0x3C,0x42,0x42,0x42,0x42,0x42,0x42,0x3C},//0
  14          {0x10,0x18,0x14,0x10,0x10,0x10,0x10,0x10},//1
  15          {0x7E,0x2,0x2,0x7E,0x40,0x40,0x40,0x7E},//2
  16          {0x3E,0x2,0x2,0x3E,0x2,0x2,0x3E,0x0},//3
  17          {0x8,0x18,0x28,0x48,0xFE,0x8,0x8,0x8},//4
  18          {0x3C,0x20,0x20,0x3C,0x4,0x4,0x3C,0x0},//5
  19          {0x3C,0x20,0x20,0x3C,0x24,0x24,0x3C,0x0},//6
  20          {0x3E,0x22,0x4,0x8,0x8,0x8,0x8,0x8},//7
  21          {0x0,0x3E,0x22,0x22,0x3E,0x22,0x22,0x3E},//8
  22          {0x3E,0x22,0x22,0x3E,0x2,0x2,0x2,0x3E},//9
  23          {0x8,0x14,0x22,0x3E,0x22,0x22,0x22,0x22},//A
  24          {0x3C,0x22,0x22,0x3E,0x22,0x22,0x3C,0x0},//B
  25          {0x3C,0x40,0x40,0x40,0x40,0x40,0x3C,0x0},//C
  26          {0x7C,0x42,0x42,0x42,0x42,0x42,0x7C,0x0},//D
  27          {0x7C,0x40,0x40,0x7C,0x40,0x40,0x40,0x7C},//E
  28          {0x7C,0x40,0x40,0x7C,0x40,0x40,0x40,0x40},//F
  29          {0x3C,0x40,0x40,0x40,0x40,0x44,0x44,0x3C},//G
  30          {0x44,0x44,0x44,0x7C,0x44,0x44,0x44,0x44},//H
  31          {0x7C,0x10,0x10,0x10,0x10,0x10,0x10,0x7C},//I
  32          {0x3C,0x8,0x8,0x8,0x8,0x8,0x48,0x30},//J
  33          {0x0,0x24,0x28,0x30,0x20,0x30,0x28,0x24},//K
  34          {0x40,0x40,0x40,0x40,0x40,0x40,0x40,0x7C},//L
  35          {0x81,0xC3,0xA5,0x99,0x81,0x81,0x81,0x81},//M
  36          {0x0,0x42,0x62,0x52,0x4A,0x46,0x42,0x0},//N
  37          {0x3C,0x42,0x42,0x42,0x42,0x42,0x42,0x3C},//O
  38          {0x3C,0x22,0x22,0x22,0x3C,0x20,0x20,0x20},//P
  39          {0x1C,0x22,0x22,0x22,0x22,0x26,0x22,0x1D},//Q
  40          {0x3C,0x22,0x22,0x22,0x3C,0x24,0x22,0x21},//R
  41          {0x0,0x1E,0x20,0x20,0x3E,0x2,0x2,0x3C},//S
  42          {0x0,0x3E,0x8,0x8,0x8,0x8,0x8,0x8},//T
  43          {0x42,0x42,0x42,0x42,0x42,0x42,0x22,0x1C},//U
  44          {0x42,0x42,0x42,0x42,0x42,0x42,0x24,0x18},//V
  45          {0x0,0x49,0x49,0x49,0x49,0x2A,0x1C,0x0},//W
  46          {0x0,0x41,0x22,0x14,0x8,0x14,0x22,0x41},//X
  47          {0x41,0x22,0x14,0x8,0x8,0x8,0x8,0x8},//Y
  48          {0x0,0x7F,0x2,0x4,0x8,0x10,0x20,0x7F},//Z
  49          {0x8,0x7F,0x49,0x49,0x7F,0x8,0x8,0x8},//中
  50          {0xFE,0xBA,0x92,0xBA,0x92,0x9A,0xBA,0xFE},//国
  51          };
  52          
  53          void Delay_xms(uint x)
  54          {
  55   1        uint i,j;
C51 COMPILER V9.60.0.0   MAIN                                                              11/25/2021 20:52:26 PAGE 2   

  56   1        for(i=0;i<x;i++)
  57   1          for(j=0;j<112;j++);
  58   1      }
  59          //--------------------------------------------
  60          //功能：向MAX7219(U3)写入字节
  61          //入口参数：DATA 
  62          //出口参数：无
  63          //说明：
  64          void Write_Max7219_byte(uchar DATA)         
  65          {
  66   1        uchar i;    
  67   1        Max7219_pinCS = 0;    
  68   1        for(i=8;i>=1;i--)
  69   1        {     
  70   2          Max7219_pinCLK=0;
  71   2          Max7219_pinDIN=DATA&0x80;
  72   2          DATA=DATA<<1;
  73   2          Max7219_pinCLK=1;
  74   2        }                                 
  75   1      }
  76          //-------------------------------------------
  77          //功能：向MAX7219写入数据
  78          //入口参数：address、dat
  79          //出口参数：无
  80          //说明：
  81          void Write_Max7219(uchar address,uchar dat)
  82          { 
  83   1        Max7219_pinCS=0;
  84   1        Write_Max7219_byte(address);           //写入地址，即数码管编号
  85   1        Write_Max7219_byte(dat);               //写入数据，即数码管显示数字 
  86   1        Max7219_pinCS=1;                        
  87   1      }
  88          
  89          void Init_MAX7219(void)
  90          {
  91   1        Write_Max7219(0x09, 0x00);       //译码方式：BCD码
  92   1        Write_Max7219(0x0a, 0x03);       //亮度 
  93   1        Write_Max7219(0x0b, 0x07);       //扫描界限；8个数码管显示
  94   1        Write_Max7219(0x0c, 0x01);       //掉电模式：0，普通模式：1
  95   1        Write_Max7219(0x0f, 0x00);       //显示测试：1；测试结束，正常显示：0
  96   1      }
  97          void main(void)
  98          {
  99   1        uchar i,j;
 100   1        Delay_xms(500);
 101   1        Init_MAX7219();  
 102   1        while(1)
 103   1        {
 104   2          for(j=0;j<38;j++)
 105   2          {
 106   3            for(i=1;i<9;i++)
 107   3              Write_Max7219(i,disp1[j][i-1]);
 108   3            Delay_xms(1000);
 109   3          }  
 110   2        } 
 111   1      }


MODULE INFORMATION:   STATIC OVERLAYABLE
   CODE SIZE        =    189    ----
   CONSTANT SIZE    =    304    ----
   XDATA SIZE       =   ----    ----
C51 COMPILER V9.60.0.0   MAIN                                                              11/25/2021 20:52:26 PAGE 3   

   PDATA SIZE       =   ----    ----
   DATA SIZE        =   ----    ----
   IDATA SIZE       =   ----    ----
   BIT SIZE         =   ----    ----
END OF MODULE INFORMATION.


C51 COMPILATION COMPLETE.  0 WARNING(S),  0 ERROR(S)
